# JRE version: Java(TM) SE Runtime Environment (7.0_67-b01) (build 1.7.0_67-b01)
# Java VM: Java HotSpot(TM) 64-Bit Server VM (24.65-b04 mixed mode windows-amd64 compressed oops)
Heap
 PSYoungGen      total 29696K, used 1265K [0x00000000eb300000, 0x00000000eef80000, 0x0000000100000000)
  eden space 29184K, 4% used [0x00000000eb300000,0x00000000eb43c6d0,0x00000000ecf80000)
  from space 512K, 0% used [0x00000000ee000000,0x00000000ee000000,0x00000000ee080000)
  to   space 10240K, 0% used [0x00000000ee580000,0x00000000ee580000,0x00000000eef80000)
 ParOldGen       total 42496K, used 13261K [0x00000000c1a00000, 0x00000000c4380000, 0x00000000eb300000)
  object space 42496K, 31% used [0x00000000c1a00000,0x00000000c26f37e8,0x00000000c4380000)
 PSPermGen       total 44032K, used 21768K [0x00000000bc800000, 0x00000000bf300000, 0x00000000c1a00000)
  object space 44032K, 49% used [0x00000000bc800000,0x00000000bdd423c8,0x00000000bf300000)
GC Heap History (10 events):
Event: 13.506 GC heap before
{Heap before GC invocations=8 (full 0):
 PSYoungGen      total 38400K, used 38208K [0x00000000eb300000, 0x00000000efa80000, 0x0000000100000000)
  eden space 30720K, 100% used [0x00000000eb300000,0x00000000ed100000,0x00000000ed100000)
  from space 7680K, 97% used [0x00000000ef100000,0x00000000ef850000,0x00000000ef880000)
  to   space 2048K, 0% used [0x00000000ef880000,0x00000000ef880000,0x00000000efa80000)
 ParOldGen       total 42496K, used 8132K [0x00000000c1a00000, 0x00000000c4380000, 0x00000000eb300000)
  object space 42496K, 19% used [0x00000000c1a00000,0x00000000c21f1360,0x00000000c4380000)
 PSPermGen       total 21504K, used 18419K [0x00000000bc800000, 0x00000000bdd00000, 0x00000000c1a00000)
  object space 21504K, 85% used [0x00000000bc800000,0x00000000bd9fcfb0,0x00000000bdd00000)
Event: 13.520 GC heap after
Heap after GC invocations=8 (full 0):
 PSYoungGen      total 32256K, used 2048K [0x00000000eb300000, 0x00000000efa80000, 0x0000000100000000)
  eden space 30208K, 0% used [0x00000000eb300000,0x00000000eb300000,0x00000000ed080000)
  from space 2048K, 100% used [0x00000000ef880000,0x00000000efa80000,0x00000000efa80000)
  to   space 10752K, 0% used [0x00000000ee580000,0x00000000ee580000,0x00000000ef000000)
 ParOldGen       total 42496K, used 14792K [0x00000000c1a00000, 0x00000000c4380000, 0x00000000eb300000)
  object space 42496K, 34% used [0x00000000c1a00000,0x00000000c28721f0,0x00000000c4380000)
 PSPermGen       total 21504K, used 18419K [0x00000000bc800000, 0x00000000bdd00000, 0x00000000c1a00000)
  object space 21504K, 85% used [0x00000000bc800000,0x00000000bd9fcfb0,0x00000000bdd00000)
}
Event: 20.614 GC heap before
{Heap before GC invocations=9 (full 0):
 PSYoungGen      total 32256K, used 32256K [0x00000000eb300000, 0x00000000efa80000, 0x0000000100000000)
  eden space 30208K, 100% used [0x00000000eb300000,0x00000000ed080000,0x00000000ed080000)
  from space 2048K, 100% used [0x00000000ef880000,0x00000000efa80000,0x00000000efa80000)
  to   space 10752K, 0% used [0x00000000ee580000,0x00000000ee580000,0x00000000ef000000)
 ParOldGen       total 42496K, used 14792K [0x00000000c1a00000, 0x00000000c4380000, 0x00000000eb300000)
  object space 42496K, 34% used [0x00000000c1a00000,0x00000000c28721f0,0x00000000c4380000)
 PSPermGen       total 21504K, used 19389K [0x00000000bc800000, 0x00000000bdd00000, 0x00000000c1a00000)
  object space 21504K, 90% used [0x00000000bc800000,0x00000000bdaef7c0,0x00000000bdd00000)
Event: 20.619 GC heap after
Heap after GC invocations=9 (full 0):
 PSYoungGen      total 32768K, used 2850K [0x00000000eb300000, 0x00000000ef900000, 0x0000000100000000)
  eden space 29696K, 0% used [0x00000000eb300000,0x00000000eb300000,0x00000000ed000000)
  from space 3072K, 92% used [0x00000000ee580000,0x00000000ee848990,0x00000000ee880000)
  to   space 10240K, 0% used [0x00000000eef00000,0x00000000eef00000,0x00000000ef900000)
 ParOldGen       total 42496K, used 16348K [0x00000000c1a00000, 0x00000000c4380000, 0x00000000eb300000)
  object space 42496K, 38% used [0x00000000c1a00000,0x00000000c29f7200,0x00000000c4380000)
 PSPermGen       total 21504K, used 19389K [0x00000000bc800000, 0x00000000bdd00000, 0x00000000c1a00000)
  object space 21504K, 90% used [0x00000000bc800000,0x00000000bdaef7c0,0x00000000bdd00000)
}
Event: 67.107 GC heap before
{Heap before GC invocations=10 (full 0):
 PSYoungGen      total 32768K, used 32546K [0x00000000eb300000, 0x00000000ef900000, 0x0000000100000000)
  eden space 29696K, 100% used [0x00000000eb300000,0x00000000ed000000,0x00000000ed000000)
  from space 3072K, 92% used [0x00000000ee580000,0x00000000ee848990,0x00000000ee880000)
  to   space 10240K, 0% used [0x00000000eef00000,0x00000000eef00000,0x00000000ef900000)
 ParOldGen       total 42496K, used 16348K [0x00000000c1a00000, 0x00000000c4380000, 0x00000000eb300000)
  object space 42496K, 38% used [0x00000000c1a00000,0x00000000c29f7200,0x00000000c4380000)
 PSPermGen       total 22016K, used 21576K [0x00000000bc800000, 0x00000000bdd80000, 0x00000000c1a00000)
  object space 22016K, 98% used [0x00000000bc800000,0x00000000bdd12368,0x00000000bdd80000)
Event: 67.114 GC heap after
Heap after GC invocations=10 (full 0):
 PSYoungGen      total 34304K, used 4690K [0x00000000eb300000, 0x00000000ef400000, 0x0000000100000000)
  eden space 29184K, 0% used [0x00000000eb300000,0x00000000eb300000,0x00000000ecf80000)
  from space 5120K, 91% used [0x00000000eef00000,0x00000000ef394aa0,0x00000000ef400000)
  to   space 10240K, 0% used [0x00000000ee000000,0x00000000ee000000,0x00000000eea00000)
 ParOldGen       total 42496K, used 16852K [0x00000000c1a00000, 0x00000000c4380000, 0x00000000eb300000)
  object space 42496K, 39% used [0x00000000c1a00000,0x00000000c2a75200,0x00000000c4380000)
 PSPermGen       total 22016K, used 21576K [0x00000000bc800000, 0x00000000bdd80000, 0x00000000c1a00000)
  object space 22016K, 98% used [0x00000000bc800000,0x00000000bdd12368,0x00000000bdd80000)
}
Event: 78.091 GC heap before
{Heap before GC invocations=11 (full 0):
 PSYoungGen      total 34304K, used 13034K [0x00000000eb300000, 0x00000000ef400000, 0x0000000100000000)
  eden space 29184K, 28% used [0x00000000eb300000,0x00000000ebb25d70,0x00000000ecf80000)
  from space 5120K, 91% used [0x00000000eef00000,0x00000000ef394aa0,0x00000000ef400000)
  to   space 10240K, 0% used [0x00000000ee000000,0x00000000ee000000,0x00000000eea00000)
 ParOldGen       total 42496K, used 16852K [0x00000000c1a00000, 0x00000000c4380000, 0x00000000eb300000)
  object space 42496K, 39% used [0x00000000c1a00000,0x00000000c2a75200,0x00000000c4380000)
 PSPermGen       total 22016K, used 21802K [0x00000000bc800000, 0x00000000bdd80000, 0x00000000c1a00000)
  object space 22016K, 99% used [0x00000000bc800000,0x00000000bdd4a900,0x00000000bdd80000)
Event: 78.097 GC heap after
Heap after GC invocations=11 (full 0):
 PSYoungGen      total 29696K, used 512K [0x00000000eb300000, 0x00000000eef80000, 0x0000000100000000)
  eden space 29184K, 0% used [0x00000000eb300000,0x00000000eb300000,0x00000000ecf80000)
  from space 512K, 100% used [0x00000000ee000000,0x00000000ee080000,0x00000000ee080000)
  to   space 10240K, 0% used [0x00000000ee580000,0x00000000ee580000,0x00000000eef80000)
 ParOldGen       total 42496K, used 19339K [0x00000000c1a00000, 0x00000000c4380000, 0x00000000eb300000)
  object space 42496K, 45% used [0x00000000c1a00000,0x00000000c2ce2de0,0x00000000c4380000)
 PSPermGen       total 22016K, used 21802K [0x00000000bc800000, 0x00000000bdd80000, 0x00000000c1a00000)
  object space 22016K, 99% used [0x00000000bc800000,0x00000000bdd4a900,0x00000000bdd80000)
}
Event: 78.097 GC heap before
{Heap before GC invocations=12 (full 1):
 PSYoungGen      total 29696K, used 512K [0x00000000eb300000, 0x00000000eef80000, 0x0000000100000000)
  eden space 29184K, 0% used [0x00000000eb300000,0x00000000eb300000,0x00000000ecf80000)
  from space 512K, 100% used [0x00000000ee000000,0x00000000ee080000,0x00000000ee080000)
  to   space 10240K, 0% used [0x00000000ee580000,0x00000000ee580000,0x00000000eef80000)
 ParOldGen       total 42496K, used 19339K [0x00000000c1a00000, 0x00000000c4380000, 0x00000000eb300000)
  object space 42496K, 45% used [0x00000000c1a00000,0x00000000c2ce2de0,0x00000000c4380000)
 PSPermGen       total 22016K, used 21802K [0x00000000bc800000, 0x00000000bdd80000, 0x00000000c1a00000)
  object space 22016K, 99% used [0x00000000bc800000,0x00000000bdd4a900,0x00000000bdd80000)
Event: 78.189 GC heap after
Heap after GC invocations=12 (full 1):
 PSYoungGen      total 29696K, used 0K [0x00000000eb300000, 0x00000000eef80000, 0x0000000100000000)
  eden space 29184K, 0% used [0x00000000eb300000,0x00000000eb300000,0x00000000ecf80000)
  from space 512K, 0% used [0x00000000ee000000,0x00000000ee000000,0x00000000ee080000)
  to   space 10240K, 0% used [0x00000000ee580000,0x00000000ee580000,0x00000000eef80000)
 ParOldGen       total 42496K, used 13261K [0x00000000c1a00000, 0x00000000c4380000, 0x00000000eb300000)
  object space 42496K, 31% used [0x00000000c1a00000,0x00000000c26f37e8,0x00000000c4380000)
 PSPermGen       total 44032K, used 21762K [0x00000000bc800000, 0x00000000bf300000, 0x00000000c1a00000)
  object space 44032K, 49% used [0x00000000bc800000,0x00000000bdd409c8,0x00000000bf300000)
}

